 *****************************************
 
 te:   150.00000000000000      a0:   77071.176539382795     
 flag =  T
 te:   30.000000000000000      a0:   137609.60423760794     
 flag =  T
 te:   20.000000000000000      a0:   9434.0461975693379     
 flag =  T
 te:   40.000000000000000      a0:   8452.8665275065432     
 flag =  T
 te:   30.000000000000000      a0:   85837.259986882214     
 flag =  T
Time =     1.517002hours.

real	91m7.971s
user	91m1.147s
sys	0m0.063s
 *****************************************
 
 te:   150.00000000000000      a0:   116060.10293014722     
 flag =  T
 te:   30.000000000000000      a0:   85641.134792532626     
 flag =  T
 te:   20.000000000000000      a0:   8425.4767549583048     
 flag =  T
 te:   40.000000000000000      a0:   5417.5828546303674     
 flag =  T
 te:   30.000000000000000      a0:   88349.750867642579     
 flag =  T
Time =     1.650669hours.

real	99m10.151s
user	99m2.362s
sys	0m0.051s
 *****************************************
 
 te:   150.00000000000000      a0:   94400.751227994129     
 flag =  T
 te:   30.000000000000000      a0:   66923.133379558276     
 flag =  T
 te:   20.000000000000000      a0:   10822.132587967264     
 flag =  T
 te:   40.000000000000000      a0:   6299.4733510816859     
 flag =  T
 te:   30.000000000000000      a0:   67385.522929117025     
 flag =  T
Time =     1.698849hours.

real	102m3.507s
user	101m55.811s
sys	0m0.055s
 *****************************************
 
 te:   150.00000000000000      a0:   171874.83878652327     
 flag =  T
 te:   30.000000000000000      a0:   94322.541123640491     
 flag =  T
 te:   20.000000000000000      a0:   46645.019412747657     
 flag =  T
 te:   40.000000000000000      a0:   8068.9346282558699     
 flag =  T
 te:   30.000000000000000      a0:   57102.349424997796     
 flag =  T
Time =     1.767605hours.

real	106m11.116s
user	106m3.179s
sys	0m0.200s
 *****************************************
 
 te:   150.00000000000000      a0:   193007.79593953749     
 flag =  T
 te:   30.000000000000000      a0:   160524.88915566148     
 flag =  T
 te:   20.000000000000000      a0:   20788.745079178741     
 flag =  T
 te:   40.000000000000000      a0:   6353.1915753729436     
 flag =  T
 te:   30.000000000000000      a0:   73343.246121249133     
 flag =  T
Time =     1.780873hours.

real	106m59.060s
user	106m51.099s
sys	0m0.049s
 *****************************************
 
 te:   150.00000000000000      a0:   148979.70322723858     
 flag =  T
 te:   30.000000000000000      a0:   113651.54342805907     
 flag =  T
 te:   20.000000000000000      a0:   16170.018880291187     
 flag =  T
 te:   40.000000000000000      a0:   9886.4331187399002     
 flag =  T
 te:   30.000000000000000      a0:   59898.798382796078     
 flag =  T
Time =     1.830353hours.

real	109m57.722s
user	109m49.234s
sys	0m0.041s
 *****************************************
 
 te:   150.00000000000000      a0:   100012.11769513092     
 flag =  T
 te:   30.000000000000000      a0:   94015.742073276371     
 flag =  T
 te:   20.000000000000000      a0:   27007.754901730863     
 flag =  T
 te:   40.000000000000000      a0:   7764.0865120105973     
 flag =  T
 te:   30.000000000000000      a0:   54108.047403666540     
 flag =  T
Time =     1.866288hours.

real	112m6.942s
user	111m58.579s
sys	0m0.062s
 *****************************************
 
 te:   150.00000000000000      a0:   133522.07039886958     
 flag =  T
 te:   30.000000000000000      a0:   79266.906039469512     
 flag =  T
 te:   20.000000000000000      a0:   10945.977929784214     
 flag =  T
 te:   40.000000000000000      a0:   4719.3702782975251     
 flag =  T
 te:   30.000000000000000      a0:   70364.065752940718     
 flag =  T
Time =     1.885064hours.

real	113m14.849s
user	113m6.191s
sys	0m0.042s
 *****************************************
 
 te:   150.00000000000000      a0:   157399.34092701710     
 flag =  T
 te:   30.000000000000000      a0:   178593.39985087456     
 flag =  T
 te:   20.000000000000000      a0:   26365.922080339322     
 flag =  T
 te:   40.000000000000000      a0:   6388.0833518627096     
 flag =  T
 te:   30.000000000000000      a0:   129464.22103281041     
 flag =  T
Time =     1.956217hours.

real	117m31.060s
user	117m22.333s
sys	0m0.052s
 *****************************************
 
 te:   150.00000000000000      a0:   202979.46042786990     
 flag =  T
 te:   30.000000000000000      a0:   123472.16019118857     
 flag =  T
 te:   20.000000000000000      a0:   29654.178752630742     
 flag =  T
 te:   40.000000000000000      a0:   5574.8213158247918     
 flag =  T
 te:   30.000000000000000      a0:   69430.467841391801     
 flag =  T
Time =     1.975157hours.

real	118m39.034s
user	118m30.526s
sys	0m0.043s
 *****************************************
 
 te:   150.00000000000000      a0:   153290.95961254020     
 flag =  T
 te:   30.000000000000000      a0:   124481.38132074157     
 flag =  T
 te:   20.000000000000000      a0:   8875.2918083822424     
 flag =  T
 te:   40.000000000000000      a0:   9121.1534637903715     
 flag =  T
 te:   30.000000000000000      a0:   102553.33474193877     
 flag =  T
Time =     2.016265hours.

real	121m7.696s
user	120m58.497s
sys	0m0.061s
 *****************************************
 
 te:   150.00000000000000      a0:   102128.06101946358     
 flag =  T
 te:   30.000000000000000      a0:   156569.56033521870     
 flag =  T
 te:   20.000000000000000      a0:   16133.679043565266     
 flag =  T
 te:   40.000000000000000      a0:   5715.1294992730864     
 flag =  T
 te:   30.000000000000000      a0:   69397.788988063563     
 flag =  T
Time =     2.022166hours.

real	121m28.501s
user	121m19.759s
sys	0m0.043s
 *****************************************
 
 te:   150.00000000000000      a0:   152650.37058668651     
 flag =  T
 te:   30.000000000000000      a0:   56193.601904960407     
 flag =  T
 te:   20.000000000000000      a0:   40379.467248485358     
 flag =  T
 te:   40.000000000000000      a0:   16032.541455658617     
 flag =  T
 te:   30.000000000000000      a0:   84505.683364924305     
 flag =  T
Time =     2.042013hours.

real	122m39.860s
user	122m31.153s
sys	0m0.098s
 *****************************************
 
 te:   150.00000000000000      a0:   79647.202719596040     
 flag =  T
 te:   30.000000000000000      a0:   185519.37321492386     
 flag =  T
 te:   20.000000000000000      a0:   33148.099114678334     
 flag =  T
 te:   40.000000000000000      a0:   12484.733877554962     
 flag =  T
 te:   30.000000000000000      a0:   75979.468184456593     
 flag =  T
Time =     2.058110hours.

real	123m38.223s
user	123m29.145s
sys	0m0.054s
 *****************************************
 
 te:   150.00000000000000      a0:   187785.82795197100     
 flag =  T
 te:   30.000000000000000      a0:   160641.14340289307     
 flag =  T
 te:   20.000000000000000      a0:   44571.082557572270     
 flag =  T
 te:   40.000000000000000      a0:   6653.5102973434878     
 flag =  T
 te:   30.000000000000000      a0:   153435.07773067086     
 flag =  T
Time =     2.155686hours.

real	129m29.509s
user	129m20.419s
sys	0m0.054s
 *****************************************
 
 te:   150.00000000000000      a0:   102513.20426478442     
 flag =  T
 te:   30.000000000000000      a0:   144685.88766989339     
 flag =  T
 te:   20.000000000000000      a0:   20534.348371609762     
 flag =  T
 te:   40.000000000000000      a0:   6305.3396688694502     
 flag =  T
 te:   30.000000000000000      a0:   116726.85879908457     
 flag =  T
Time =     2.164186hours.

real	130m0.145s
user	129m51.036s
sys	0m0.040s
 *****************************************
 
 te:   150.00000000000000      a0:   161384.36930062683     
 flag =  T
 te:   30.000000000000000      a0:   136373.53503859122     
 flag =  T
 te:   20.000000000000000      a0:   45945.031517951356     
 flag =  T
 te:   40.000000000000000      a0:   7420.5203672459184     
 flag =  T
 te:   30.000000000000000      a0:   57165.920710502076     
 flag =  T
Time =     2.216442hours.

real	133m8.953s
user	132m59.138s
sys	0m0.055s
 *****************************************
 
 te:   150.00000000000000      a0:   153960.65414946427     
 flag =  T
 te:   30.000000000000000      a0:   199717.86354203970     
 flag =  T
 te:   20.000000000000000      a0:   52134.086732869378     
 flag =  T
 te:   40.000000000000000      a0:   12252.941295589539     
 flag =  T
 te:   30.000000000000000      a0:   86299.164260126854     
 flag =  T
Time =     2.229658hours.

real	133m55.836s
user	133m46.727s
sys	0m0.044s
 *****************************************
 
 te:   150.00000000000000      a0:   165049.67277880062     
 flag =  T
 te:   30.000000000000000      a0:   182378.42668061005     
 flag =  T
 te:   20.000000000000000      a0:   17530.735118286513     
 flag =  T
 te:   40.000000000000000      a0:   6289.4966754732823     
 flag =  T
 te:   30.000000000000000      a0:   113975.70275415841     
 flag =  T
Time =     2.249334hours.

real	135m6.716s
user	134m57.095s
sys	0m0.511s
 *****************************************
 
 te:   150.00000000000000      a0:   161604.03971774943     
 flag =  T
 te:   30.000000000000000      a0:   63032.019816400301     
 flag =  T
 te:   20.000000000000000      a0:   48350.500395443007     
 flag =  T
 te:   40.000000000000000      a0:   5067.4247871087118     
 flag =  T
 te:   30.000000000000000      a0:   70798.293721411756     
 flag =  T
Time =     2.309043hours.

real	138m42.594s
user	138m32.525s
sys	0m0.034s
 *****************************************
 
 te:   150.00000000000000      a0:   175626.75118194698     
 flag =  T
 te:   30.000000000000000      a0:   146537.04175108264     
 flag =  T
 te:   20.000000000000000      a0:   17200.413348692229     
 flag =  T
 te:   40.000000000000000      a0:   12427.148308349029     
 flag =  T
 te:   30.000000000000000      a0:   107899.02889969430     
 flag =  T
Time =     2.322783hours.

real	139m31.435s
user	139m21.607s
sys	0m0.415s
 *****************************************
 
 te:   150.00000000000000      a0:   176011.94449781562     
 flag =  T
 te:   30.000000000000000      a0:   200925.00002835615     
 flag =  T
 te:   20.000000000000000      a0:   62135.107852372472     
 flag =  T
 te:   40.000000000000000      a0:   9538.8712214995030     
 flag =  T
 te:   30.000000000000000      a0:   65205.096019199700     
 flag =  T
Time =     2.364636hours.

real	142m1.976s
user	141m52.630s
sys	0m0.064s
 *****************************************
 
 te:   150.00000000000000      a0:   117970.67800701929     
 flag =  T
 te:   30.000000000000000      a0:   79153.527416600336     
 flag =  T
 te:   20.000000000000000      a0:   32621.304348857400     
 flag =  T
 te:   40.000000000000000      a0:   10453.020491787787     
 flag =  T
 te:   30.000000000000000      a0:   78002.323386959164     
 flag =  T
Time =     2.409212hours.

real	144m42.962s
user	144m32.880s
sys	0m0.289s
 *****************************************
 
 te:   150.00000000000000      a0:   119196.74997664233     
 flag =  T
 te:   30.000000000000000      a0:   103076.76653688538     
 flag =  T
 te:   20.000000000000000      a0:   11865.817611041741     
 flag =  T
 te:   40.000000000000000      a0:   6856.5387071278810     
 flag =  T
 te:   30.000000000000000      a0:   36057.658167015419     
 flag =  T
Time =     2.440325hours.

real	146m35.175s
user	146m25.133s
sys	0m0.040s
 *****************************************
 
 te:   150.00000000000000      a0:   116381.77771674935     
 flag =  T
 te:   30.000000000000000      a0:   124654.83918117198     
 flag =  T
 te:   20.000000000000000      a0:   11801.844437816939     
 flag =  T
 te:   40.000000000000000      a0:   8613.0524478746665     
 flag =  T
 te:   30.000000000000000      a0:   74474.515446427802     
 flag =  T
Time =     2.461389hours.

real	147m51.333s
user	147m40.962s
sys	0m0.043s
 *****************************************
 
 te:   150.00000000000000      a0:   146810.41993139454     
 flag =  T
 te:   30.000000000000000      a0:   218371.83703695342     
 flag =  T
 te:   20.000000000000000      a0:   38487.817849108251     
 flag =  T
 te:   40.000000000000000      a0:   5440.3399409112790     
 flag =  T
 te:   30.000000000000000      a0:   83574.099737413475     
 flag =  T
Time =     2.502239hours.

real	150m18.504s
user	150m8.017s
sys	0m0.046s
 *****************************************
 
 te:   150.00000000000000      a0:   114493.08639338567     
 flag =  T
 te:   30.000000000000000      a0:   130158.11671628065     
 flag =  T
 te:   20.000000000000000      a0:   38339.653307516739     
 flag =  T
 te:   40.000000000000000      a0:   20987.522729106222     
 flag =  T
 te:   30.000000000000000      a0:   65375.790869509568     
 flag =  T
Time =     2.572662hours.

real	154m32.386s
user	154m21.535s
sys	0m0.055s
 *****************************************
 
 te:   150.00000000000000      a0:   159833.63996042113     
 flag =  T
 te:   30.000000000000000      a0:   147344.19729013368     
 flag =  T
 te:   20.000000000000000      a0:   11188.110592472896     
 flag =  T
 te:   40.000000000000000      a0:   4966.3192841111568     
 flag =  T
 te:   30.000000000000000      a0:   55885.496896191573     
 flag =  T
Time =     2.596186hours.

real	155m56.882s
user	155m46.222s
sys	0m0.051s
 *****************************************
 
 te:   150.00000000000000      a0:   228070.20002409781     
 flag =  T
 te:   30.000000000000000      a0:   140652.50714994411     
 flag =  T
 te:   20.000000000000000      a0:   19567.007481570337     
 flag =  T
 te:   40.000000000000000      a0:   7093.3386209059227     
 flag =  T
 te:   30.000000000000000      a0:   78762.145068541533     
 flag =  T
Time =     2.609700hours.

real	156m45.012s
user	156m34.861s
sys	0m0.062s
 *****************************************
 
 te:   150.00000000000000      a0:   101970.33303632548     
 flag =  T
 te:   30.000000000000000      a0:   126724.82519883414     
 flag =  T
 te:   20.000000000000000      a0:   9887.4323406928506     
 flag =  T
 te:   40.000000000000000      a0:   5798.2112545684340     
 flag =  T
 te:   30.000000000000000      a0:   99253.716329744464     
 flag =  T
Time =     2.611944hours.

real	156m53.767s
user	156m42.955s
sys	0m0.046s
